2024-10-24T06:02:26.783+02:00  INFO 15352 --- [forum-service] [cluster-ClusterId{value='6719c5f3bc2ff10bbf5aba9a', description='Cluster0'}-cluster0-shard-00-02.w8zo1.mongodb.net:27017] org.mongodb.driver.cluster               : Exception in monitor thread while connecting to server cluster0-shard-00-02.w8zo1.mongodb.net:27017

com.mongodb.MongoSocketException: Этот хост неизвестен (cluster0-shard-00-02.w8zo1.mongodb.net)
	at com.mongodb.internal.connection.ServerAddressHelper.getSocketAddresses(ServerAddressHelper.java:75) ~[mongodb-driver-core-5.0.1.jar:na]
	at com.mongodb.internal.connection.SocketStream.initializeSocket(SocketStream.java:101) ~[mongodb-driver-core-5.0.1.jar:na]
	at com.mongodb.internal.connection.SocketStream.open(SocketStream.java:80) ~[mongodb-driver-core-5.0.1.jar:na]
	at com.mongodb.internal.connection.InternalStreamConnection.open(InternalStreamConnection.java:201) ~[mongodb-driver-core-5.0.1.jar:na]
	at com.mongodb.internal.connection.DefaultServerMonitor$ServerMonitorRunnable.lookupServerDescription(DefaultServerMonitor.java:193) ~[mongodb-driver-core-5.0.1.jar:na]
	at com.mongodb.internal.connection.DefaultServerMonitor$ServerMonitorRunnable.run(DefaultServerMonitor.java:153) ~[mongodb-driver-core-5.0.1.jar:na]
	at java.base/java.lang.Thread.run(Thread.java:1570) ~[na:na]
Caused by: java.net.UnknownHostException: Этот хост неизвестен (cluster0-shard-00-02.w8zo1.mongodb.net)
	at java.base/java.net.Inet6AddressImpl.lookupAllHostAddr(Native Method) ~[na:na]
	at java.base/java.net.Inet6AddressImpl.lookupAllHostAddr(Inet6AddressImpl.java:52) ~[na:na]
	at java.base/java.net.InetAddress$PlatformResolver.lookupByName(InetAddress.java:1221) ~[na:na]
	at java.base/java.net.InetAddress.getAddressesFromNameService(InetAddress.java:1816) ~[na:na]
	at java.base/java.net.InetAddress$NameServiceAddresses.get(InetAddress.java:1149) ~[na:na]
	at java.base/java.net.InetAddress.getAllByName0(InetAddress.java:1806) ~[na:na]
	at java.base/java.net.InetAddress.getAllByName(InetAddress.java:1676) ~[na:na]
	at com.mongodb.internal.connection.DefaultInetAddressResolver.lookupByName(DefaultInetAddressResolver.java:34) ~[mongodb-driver-core-5.0.1.jar:na]
	at com.mongodb.internal.connection.ServerAddressHelper.getSocketAddresses(ServerAddressHelper.java:71) ~[mongodb-driver-core-5.0.1.jar:na]
	... 6 common frames omitted

2024-10-24T06:02:26.783+02:00  INFO 15352 --- [forum-service] [cluster-ClusterId{value='6719c5f3bc2ff10bbf5aba9a', description='Cluster0'}-cluster0-shard-00-01.w8zo1.mongodb.net:27017] org.mongodb.driver.cluster               : Exception in monitor thread while connecting to server cluster0-shard-00-01.w8zo1.mongodb.net:27017

com.mongodb.MongoSocketException: Этот хост неизвестен (cluster0-shard-00-01.w8zo1.mongodb.net)
	at com.mongodb.internal.connection.ServerAddressHelper.getSocketAddresses(ServerAddressHelper.java:75) ~[mongodb-driver-core-5.0.1.jar:na]
	at com.mongodb.internal.connection.SocketStream.initializeSocket(SocketStream.java:101) ~[mongodb-driver-core-5.0.1.jar:na]
	at com.mongodb.internal.connection.SocketStream.open(SocketStream.java:80) ~[mongodb-driver-core-5.0.1.jar:na]
	at com.mongodb.internal.connection.InternalStreamConnection.open(InternalStreamConnection.java:201) ~[mongodb-driver-core-5.0.1.jar:na]
	at com.mongodb.internal.connection.DefaultServerMonitor$ServerMonitorRunnable.lookupServerDescription(DefaultServerMonitor.java:193) ~[mongodb-driver-core-5.0.1.jar:na]
	at com.mongodb.internal.connection.DefaultServerMonitor$ServerMonitorRunnable.run(DefaultServerMonitor.java:153) ~[mongodb-driver-core-5.0.1.jar:na]
	at java.base/java.lang.Thread.run(Thread.java:1570) ~[na:na]
Caused by: java.net.UnknownHostException: Этот хост неизвестен (cluster0-shard-00-01.w8zo1.mongodb.net)
	at java.base/java.net.Inet6AddressImpl.lookupAllHostAddr(Native Method) ~[na:na]
	at java.base/java.net.Inet6AddressImpl.lookupAllHostAddr(Inet6AddressImpl.java:52) ~[na:na]
	at java.base/java.net.InetAddress$PlatformResolver.lookupByName(InetAddress.java:1221) ~[na:na]
	at java.base/java.net.InetAddress.getAddressesFromNameService(InetAddress.java:1816) ~[na:na]
	at java.base/java.net.InetAddress$NameServiceAddresses.get(InetAddress.java:1149) ~[na:na]
	at java.base/java.net.InetAddress.getAllByName0(InetAddress.java:1806) ~[na:na]
	at java.base/java.net.InetAddress.getAllByName(InetAddress.java:1676) ~[na:na]
	at com.mongodb.internal.connection.DefaultInetAddressResolver.lookupByName(DefaultInetAddressResolver.java:34) ~[mongodb-driver-core-5.0.1.jar:na]
	at com.mongodb.internal.connection.ServerAddressHelper.getSocketAddresses(ServerAddressHelper.java:71) ~[mongodb-driver-core-5.0.1.jar:na]
	... 6 common frames omitted

2024-10-24T06:02:37.203+02:00  INFO 15352 --- [forum-service] [cluster-ClusterId{value='6719c5f3bc2ff10bbf5aba9a', description='Cluster0'}-cluster0-shard-00-01.w8zo1.mongodb.net:27017] org.mongodb.driver.cluster               : Monitor thread successfully connected to server with description ServerDescription{address=cluster0-shard-00-01.w8zo1.mongodb.net:27017, type=REPLICA_SET_SECONDARY, state=CONNECTED, ok=true, minWireVersion=0, maxWireVersion=21, maxDocumentSize=16777216, logicalSessionTimeoutMinutes=30, roundTripTimeNanos=186886700, setName='atlas-nqey8l-shard-0', canonicalAddress=cluster0-shard-00-01.w8zo1.mongodb.net:27017, hosts=[cluster0-shard-00-01.w8zo1.mongodb.net:27017, cluster0-shard-00-00.w8zo1.mongodb.net:27017, cluster0-shard-00-02.w8zo1.mongodb.net:27017], passives=[], arbiters=[], primary='cluster0-shard-00-02.w8zo1.mongodb.net:27017', tagSet=TagSet{[Tag{name='availabilityZone', value='euc1-az3'}, Tag{name='diskState', value='READY'}, Tag{name='nodeType', value='ELECTABLE'}, Tag{name='provider', value='AWS'}, Tag{name='region', value='EU_CENTRAL_1'}, Tag{name='workloadType', value='OPERATIONAL'}]}, electionId=null, setVersion=109, topologyVersion=TopologyVersion{processId=6715373fed023fc81b4c1e8d, counter=3}, lastWriteDate=Thu Oct 24 06:02:32 CEST 2024, lastUpdateTimeNanos=63149675651100}
2024-10-24T06:02:37.260+02:00  INFO 15352 --- [forum-service] [cluster-ClusterId{value='6719c5f3bc2ff10bbf5aba9a', description='Cluster0'}-cluster0-shard-00-00.w8zo1.mongodb.net:27017] org.mongodb.driver.cluster               : Monitor thread successfully connected to server with description ServerDescription{address=cluster0-shard-00-00.w8zo1.mongodb.net:27017, type=REPLICA_SET_SECONDARY, state=CONNECTED, ok=true, minWireVersion=0, maxWireVersion=21, maxDocumentSize=16777216, logicalSessionTimeoutMinutes=30, roundTripTimeNanos=295727900, setName='atlas-nqey8l-shard-0', canonicalAddress=cluster0-shard-00-00.w8zo1.mongodb.net:27017, hosts=[cluster0-shard-00-01.w8zo1.mongodb.net:27017, cluster0-shard-00-00.w8zo1.mongodb.net:27017, cluster0-shard-00-02.w8zo1.mongodb.net:27017], passives=[], arbiters=[], primary='cluster0-shard-00-02.w8zo1.mongodb.net:27017', tagSet=TagSet{[Tag{name='availabilityZone', value='euc1-az2'}, Tag{name='diskState', value='READY'}, Tag{name='nodeType', value='ELECTABLE'}, Tag{name='provider', value='AWS'}, Tag{name='region', value='EU_CENTRAL_1'}, Tag{name='workloadType', value='OPERATIONAL'}]}, electionId=null, setVersion=109, topologyVersion=TopologyVersion{processId=67153662b44212d540212eef, counter=4}, lastWriteDate=Thu Oct 24 06:02:32 CEST 2024, lastUpdateTimeNanos=63149755397500}
2024-10-24T06:02:37.284+02:00  INFO 15352 --- [forum-service] [cluster-ClusterId{value='6719c5f3bc2ff10bbf5aba9a', description='Cluster0'}-cluster0-shard-00-02.w8zo1.mongodb.net:27017] org.mongodb.driver.cluster               : Monitor thread successfully connected to server with description ServerDescription{address=cluster0-shard-00-02.w8zo1.mongodb.net:27017, type=REPLICA_SET_PRIMARY, state=CONNECTED, ok=true, minWireVersion=0, maxWireVersion=21, maxDocumentSize=16777216, logicalSessionTimeoutMinutes=30, roundTripTimeNanos=319833400, setName='atlas-nqey8l-shard-0', canonicalAddress=cluster0-shard-00-02.w8zo1.mongodb.net:27017, hosts=[cluster0-shard-00-01.w8zo1.mongodb.net:27017, cluster0-shard-00-00.w8zo1.mongodb.net:27017, cluster0-shard-00-02.w8zo1.mongodb.net:27017], passives=[], arbiters=[], primary='cluster0-shard-00-02.w8zo1.mongodb.net:27017', tagSet=TagSet{[Tag{name='availabilityZone', value='euc1-az1'}, Tag{name='diskState', value='READY'}, Tag{name='nodeType', value='ELECTABLE'}, Tag{name='provider', value='AWS'}, Tag{name='region', value='EU_CENTRAL_1'}, Tag{name='workloadType', value='OPERATIONAL'}]}, electionId=7fffffff000000000000006e, setVersion=109, topologyVersion=TopologyVersion{processId=6715357a1b21c772297a9df8, counter=6}, lastWriteDate=Thu Oct 24 06:02:32 CEST 2024, lastUpdateTimeNanos=63149779279900}
2024-10-24T06:02:37.285+02:00  INFO 15352 --- [forum-service] [cluster-ClusterId{value='6719c5f3bc2ff10bbf5aba9a', description='Cluster0'}-cluster0-shard-00-02.w8zo1.mongodb.net:27017] org.mongodb.driver.cluster               : Discovered replica set primary cluster0-shard-00-02.w8zo1.mongodb.net:27017 with max election id 7fffffff000000000000006e and max set version 109
